<?xml version="1.0" encoding="UTF-8"?>
<testsuites tests="19" failures="0" disabled="0" errors="0" time="0.422" timestamp="2023-01-17T00:15:34.618" name="AllTests">
  <testsuite name="gateAndTest" tests="3" failures="0" disabled="0" skipped="0" errors="0" time="0.04" timestamp="2023-01-17T00:15:34.661">
    <testcase name="getOutputTest" status="run" result="completed" time="0.027" timestamp="2023-01-17T00:15:34.663" classname="gateAndTest" />
    <testcase name="addInputPinTest" status="run" result="completed" time="0.002" timestamp="2023-01-17T00:15:34.695" classname="gateAndTest" />
    <testcase name="iPinEmptyTest" status="run" result="completed" time="0.004" timestamp="2023-01-17T00:15:34.697" classname="gateAndTest" />
  </testsuite>
  <testsuite name="gateNotTest" tests="3" failures="0" disabled="0" skipped="0" errors="0" time="0.05" timestamp="2023-01-17T00:15:34.707">
    <testcase name="getOutputTest" status="run" result="completed" time="0.005" timestamp="2023-01-17T00:15:34.708" classname="gateNotTest" />
    <testcase name="addInputPinTest" status="run" result="completed" time="0.042" timestamp="2023-01-17T00:15:34.713" classname="gateNotTest" />
    <testcase name="iPinEmptyTest" status="run" result="completed" time="0.001" timestamp="2023-01-17T00:15:34.756" classname="gateNotTest" />
  </testsuite>
  <testsuite name="gateORTest" tests="3" failures="0" disabled="0" skipped="0" errors="0" time="0.01" timestamp="2023-01-17T00:15:34.758">
    <testcase name="getOutputTest" status="run" result="completed" time="0.005" timestamp="2023-01-17T00:15:34.758" classname="gateORTest" />
    <testcase name="addInputPinTest" status="run" result="completed" time="0.002" timestamp="2023-01-17T00:15:34.764" classname="gateORTest" />
    <testcase name="iPinEmptyTest" status="run" result="completed" time="0.002" timestamp="2023-01-17T00:15:34.766" classname="gateORTest" />
  </testsuite>
  <testsuite name="iPinTest" tests="4" failures="0" disabled="0" skipped="0" errors="0" time="0.013" timestamp="2023-01-17T00:15:34.770">
    <testcase name="getOutputTest" status="run" result="completed" time="0.004" timestamp="2023-01-17T00:15:34.770" classname="iPinTest" />
    <testcase name="setInputTest" status="run" result="completed" time="0.002" timestamp="2023-01-17T00:15:34.775" classname="iPinTest" />
    <testcase name="addInputPinTest" status="run" result="completed" time="0.002" timestamp="2023-01-17T00:15:34.777" classname="iPinTest" />
    <testcase name="iPinEmptyTest" status="run" result="completed" time="0.002" timestamp="2023-01-17T00:15:34.780" classname="iPinTest" />
  </testsuite>
  <testsuite name="oPinTest" tests="3" failures="0" disabled="0" skipped="0" errors="0" time="0.012" timestamp="2023-01-17T00:15:34.784">
    <testcase name="getOutputTest" status="run" result="completed" time="0.007" timestamp="2023-01-17T00:15:34.784" classname="oPinTest" />
    <testcase name="addInputPinTest" status="run" result="completed" time="0.002" timestamp="2023-01-17T00:15:34.791" classname="oPinTest" />
    <testcase name="iPinEmptyTest" status="run" result="completed" time="0.001" timestamp="2023-01-17T00:15:34.794" classname="oPinTest" />
  </testsuite>
  <testsuite name="LogicSimulatorTest" tests="3" failures="0" disabled="0" skipped="0" errors="0" time="0.244" timestamp="2023-01-17T00:15:34.797">
    <testcase name="loadTest" status="run" result="completed" time="0.164" timestamp="2023-01-17T00:15:34.797" classname="LogicSimulatorTest" />
    <testcase name="getSimulationResultTest" status="run" result="completed" time="0.054" timestamp="2023-01-17T00:15:34.962" classname="LogicSimulatorTest" />
    <testcase name="getTruthTableTest" status="run" result="completed" time="0.023" timestamp="2023-01-17T00:15:35.016" classname="LogicSimulatorTest" />
  </testsuite>
</testsuites>
