<?xml version="1.0" encoding="UTF-8"?>
<testsuites tests="19" failures="0" disabled="0" errors="0" time="0.37" timestamp="2022-12-13T21:02:14.053" name="AllTests">
  <testsuite name="gateAndTest" tests="3" failures="0" disabled="0" skipped="0" errors="0" time="0.036" timestamp="2022-12-13T21:02:14.096">
    <testcase name="getOutputTest" file="test/./Device/ut_gateAnd.h" line="22" status="run" result="completed" time="0.024" timestamp="2022-12-13T21:02:14.098" classname="gateAndTest" />
    <testcase name="addInputPinTest" file="test/./Device/ut_gateAnd.h" line="29" status="run" result="completed" time="0.002" timestamp="2022-12-13T21:02:14.126" classname="gateAndTest" />
    <testcase name="iPinEmptyTest" file="test/./Device/ut_gateAnd.h" line="36" status="run" result="completed" time="0.004" timestamp="2022-12-13T21:02:14.128" classname="gateAndTest" />
  </testsuite>
  <testsuite name="gateNotTest" tests="3" failures="0" disabled="0" skipped="0" errors="0" time="0.069" timestamp="2022-12-13T21:02:14.147">
    <testcase name="getOutputTest" file="test/./Device/ut_gateNot.h" line="20" status="run" result="completed" time="0.018" timestamp="2022-12-13T21:02:14.147" classname="gateNotTest" />
    <testcase name="addInputPinTest" file="test/./Device/ut_gateNot.h" line="26" status="run" result="completed" time="0.046" timestamp="2022-12-13T21:02:14.166" classname="gateNotTest" />
    <testcase name="iPinEmptyTest" file="test/./Device/ut_gateNot.h" line="32" status="run" result="completed" time="0.002" timestamp="2022-12-13T21:02:14.213" classname="gateNotTest" />
  </testsuite>
  <testsuite name="gateORTest" tests="3" failures="0" disabled="0" skipped="0" errors="0" time="0.015" timestamp="2022-12-13T21:02:14.216">
    <testcase name="getOutputTest" file="test/./Device/ut_gateOR.h" line="22" status="run" result="completed" time="0.006" timestamp="2022-12-13T21:02:14.217" classname="gateORTest" />
    <testcase name="addInputPinTest" file="test/./Device/ut_gateOR.h" line="29" status="run" result="completed" time="0.003" timestamp="2022-12-13T21:02:14.224" classname="gateORTest" />
    <testcase name="iPinEmptyTest" file="test/./Device/ut_gateOR.h" line="36" status="run" result="completed" time="0.002" timestamp="2022-12-13T21:02:14.228" classname="gateORTest" />
  </testsuite>
  <testsuite name="iPinTest" tests="4" failures="0" disabled="0" skipped="0" errors="0" time="0.014" timestamp="2022-12-13T21:02:14.232">
    <testcase name="getOutputTest" file="test/./Device/ut_iPin.h" line="16" status="run" result="completed" time="0.004" timestamp="2022-12-13T21:02:14.232" classname="iPinTest" />
    <testcase name="setInputTest" file="test/./Device/ut_iPin.h" line="20" status="run" result="completed" time="0.003" timestamp="2022-12-13T21:02:14.238" classname="iPinTest" />
    <testcase name="addInputPinTest" file="test/./Device/ut_iPin.h" line="25" status="run" result="completed" time="0.002" timestamp="2022-12-13T21:02:14.241" classname="iPinTest" />
    <testcase name="iPinEmptyTest" file="test/./Device/ut_iPin.h" line="31" status="run" result="completed" time="0.002" timestamp="2022-12-13T21:02:14.244" classname="iPinTest" />
  </testsuite>
  <testsuite name="oPinTest" tests="3" failures="0" disabled="0" skipped="0" errors="0" time="0.01" timestamp="2022-12-13T21:02:14.248">
    <testcase name="getOutputTest" file="test/./Device/ut_oPin.h" line="18" status="run" result="completed" time="0.004" timestamp="2022-12-13T21:02:14.248" classname="oPinTest" />
    <testcase name="addInputPinTest" file="test/./Device/ut_oPin.h" line="23" status="run" result="completed" time="0.002" timestamp="2022-12-13T21:02:14.253" classname="oPinTest" />
    <testcase name="iPinEmptyTest" file="test/./Device/ut_oPin.h" line="31" status="run" result="completed" time="0.002" timestamp="2022-12-13T21:02:14.256" classname="oPinTest" />
  </testsuite>
  <testsuite name="LogicSimulatorTest" tests="3" failures="0" disabled="0" skipped="0" errors="0" time="0.164" timestamp="2022-12-13T21:02:14.259">
    <testcase name="loadTest" file="test/./ut_LogicSimulator.h" line="15" status="run" result="completed" time="0.09" timestamp="2022-12-13T21:02:14.259" classname="LogicSimulatorTest" />
    <testcase name="getSimulationResultTest" file="test/./ut_LogicSimulator.h" line="20" status="run" result="completed" time="0.056" timestamp="2022-12-13T21:02:14.350" classname="LogicSimulatorTest" />
    <testcase name="getTruthTableTest" file="test/./ut_LogicSimulator.h" line="28" status="run" result="completed" time="0.016" timestamp="2022-12-13T21:02:14.407" classname="LogicSimulatorTest" />
  </testsuite>
</testsuites>
